[2023-12-29 00:42:15] "POST /auth/login" 201
[2023-12-29 03:09:43] "POST /v1.1/auth/login" 201
[2023-12-29 03:24:10] "POST /v1/auth/register" 201
[2023-12-29 03:31:04] "POST /v1/auth/register" 201
[2023-12-29 03:38:27] "POST /v1/auth/login" 201
[2023-12-29 03:40:41] "POST /v1/auth/login" 201
[2023-12-29 03:41:29] "POST /v1/quiz" 201
[2023-12-29 03:41:36] "POST /v1/quiz" 201
[2023-12-29 03:43:43] "POST /v1/auth/login" 201
[2023-12-29 03:44:26] "POST /v1/quiz" 201
[2023-12-29 03:49:55] "POST /v1/quiz" 201
[2023-12-29 03:50:33] "POST /v1/quiz" 201
[2023-12-29 04:04:25] "POST /v1/auth/login" 201
[2023-12-29 04:04:28] "POST /v1/auth/login" 201
[2023-12-29 04:06:44] "POST /v1/auth/login" 201
[2023-12-29 05:18:35] "POST /v1/auth/login" 201
[2023-12-29 05:20:02] "POST /v1/quiz" 201
[2023-12-29 05:23:17] "POST /v1/auth/login" 201
[2023-12-29 05:27:27] "POST /v1/auth/login" 201
[2023-12-29 05:46:10] "POST /v1/quiz" 201
[2023-12-29 05:48:22] "POST /v1/auth/login" 201
[2023-12-29 05:50:26] "POST /v1/auth/login" 201
[2023-12-29 05:54:46] "POST /v1/auth/login" 201
[2023-12-29 06:00:22] "POST /v1/auth/login" 201
[2023-12-29 06:01:51] "POST /v1/submit" 201
[2023-12-29 06:04:13] "POST /v1/submit" 201
[2023-12-29 06:11:08] "POST /v1/auth/login" 201
[2023-12-29 06:12:13] "POST /v1/auth/login" 201
[2023-12-29 06:12:24] "POST /v1/auth/login" 201
[2023-12-29 06:16:16] "POST /v1/auth/login" 201
[2023-12-29 06:20:37] "GET /v1/auth/acstoken" 200
[2023-12-29 06:27:36] "POST /v1/auth/register" 201
[2023-12-29 06:28:20] "POST /v1/auth/login" 201
[2023-12-29 06:28:40] "GET /v1/auth/logout" 200
[2023-12-29 06:29:47] "POST /v1/auth/login" 201
[2023-12-29 06:30:05] "GET /v1/auth/logout" 200
[2023-12-29 06:32:59] "POST /v1/mail/sendOTP" 201
[2023-12-29 06:52:33] "POST /v1/mail/sendOTP" 201
[2023-12-29 08:30:01] "POST /v1/auth/login" 201
[2023-12-29 08:30:27] "GET /v1/user/all?page=1&limit=10" 200
[2023-12-29 08:31:41] "GET /v1/user/all?page=0&limit=10" 200
[2023-12-29 08:34:02] "GET /v1/user/all?page=0&limit=10" 200
[2023-12-29 09:33:00] "POST /v1/auth/register" 201
[2023-12-29 09:35:34] "POST /v1/auth/register" 201
[2023-12-29 09:36:01] "POST /v1/auth/register" 201
[2023-12-29 09:36:12] "POST /v1/auth/register" 201
[2023-12-29 09:36:23] "POST /v1/auth/register" 201
[2023-12-29 09:36:32] "POST /v1/auth/register" 201
[2023-12-29 09:36:57] "POST /v1/auth/login" 201
[2023-12-29 09:38:14] "POST /v1/auth/login" 201
[2023-12-29 09:39:58] "POST /v1/course" 201
[2023-12-29 09:40:51] "GET /v1/course" 200
[2023-12-29 09:42:05] "GET /v1/course/658e317e58cb4ba85c5a4714" 200
[2023-12-29 09:42:42] "PATCH /v1/course/658e317e58cb4ba85c5a4714" 200
[2023-12-29 09:43:16] "DELETE /v1/course/658e317e58cb4ba85c5a4714" 200
[2023-12-29 09:43:25] "POST /v1/course" 201
[2023-12-29 09:43:35] "POST /v1/course" 201
[2023-12-29 09:45:38] "POST /v1/exam" 201
[2023-12-29 09:47:15] "GET /v1/exam/658e32d2e1413f7cc0585ac8" 200
[2023-12-29 09:47:59] "GET /v1/user/all?page=1&limit=10" 200
[2023-12-29 09:48:46] "GET /v1/user/all?page=1&limit=5" 200
[2023-12-29 09:49:00] "GET /v1/user/all?page=2&limit=5" 200
[2023-12-29 09:50:58] "PATCH /v1/exam/658e32d2e1413f7cc0585ac8" 200
[2023-12-29 10:17:10] "POST /v1/auth/login" 201
[2023-12-29 10:17:29] "GET /v1/submit/658dfe5f82bbb8c9c911900a" 200
[2023-12-29 10:43:06] "POST /v1/auth/login" 201
[2023-12-29 10:43:41] "POST /v1/course" 201
[2023-12-29 11:19:43] "POST /v1/auth/register" 201
[2023-12-29 11:21:47] "POST /v1/auth/login" 201
[2023-12-29 11:22:44] "GET /v1/auth/logout" 200
[2023-12-29 11:23:58] "POST /v1/auth/login" 201
[2023-12-29 11:25:50] "POST /v1/auth/login" 201
[2023-12-29 11:27:26] "POST /v1/mail/sendOTP" 201
[2023-12-29 11:27:58] "POST /v1/mail/verifyOTP" 201
[2023-12-29 11:29:14] "POST /v1/exam" 201
[2023-12-29 11:30:03] "POST /v1/course" 201
[2023-12-29 11:30:23] "GET /v1/course/658e4b4b93987d4ea6227a38" 200
[2023-12-29 11:30:48] "PATCH /v1/course/658e4b4b93987d4ea6227a38" 200
[2023-12-29 11:32:42] "DELETE /v1/course/658e4b4b93987d4ea6227a38" 200
[2023-12-29 11:33:31] "POST /v1/exam" 201
[2023-12-29 11:35:20] "POST /v1/exam" 201
[2023-12-29 11:36:01] "POST /v1/quiz/upload/many/658e4c8893987d4ea6227a47" 201
[2023-12-29 11:37:09] "GET /v1/exam/658e4c8893987d4ea6227a47" 200
[2023-12-29 11:39:16] "POST /v1/quiz/upload/image" 201
[2023-12-29 11:39:54] "GET /v1/quiz/658e4cb193987d4ea6227a49" 200
[2023-12-29 11:40:20] "DELETE /v1/quiz/658e4cb193987d4ea6227a49" 200
[2023-12-29 11:43:04] "GET /v1/submit/658dfe5f82bbb8c9c911900a" 200
