[2023-12-29 00:44:17] "POST /course" 401 Unauthorized
[2023-12-29 03:07:52] "POST /auth/login" 404 Cannot POST /auth/login
[2023-12-29 03:08:05] "POST /auth/login" 404 Cannot POST /auth/login
[2023-12-29 03:23:48] "POST /v1.1/auth/register" 404 Cannot POST /v1.1/auth/register
[2023-12-29 03:30:09] "POST /v1/auth/register" 400 Unexpected token n in JSON at position 5
[2023-12-29 03:41:05] "POST /v1/quiz" 401 Unauthorized
[2023-12-29 03:44:05] "POST /v1/quiz" 401 Unauthorized
[2023-12-29 03:50:03] "POST /v1/quiz" 400 undefined
[2023-12-29 03:54:02] "POST /v1/submit" 400 Indentify failed
[2023-12-29 03:54:52] "POST /v1/submit" 400 Indentify failed
[2023-12-29 03:56:01] "POST /v1/submit" 400 Indentify failed
[2023-12-29 03:57:35] "POST /v1/submit" 400 Indentify failed
[2023-12-29 03:57:35] "POST /v1/submit" 400 Indentify failed
[2023-12-29 03:57:38] "POST /v1/submit" 400 Indentify failed
[2023-12-29 04:00:49] "POST /v1/submit" 500 Error: TypeError: submitDto.submitAnswer.array is not iterable
    at AllExceptionsFilter.catch (C:\Users\ntukp\.vscode\MMP\src\filters\all-exceptions.filter.ts:44:22)
    at ExceptionsHandler.invokeCustomFilters (C:\Users\ntukp\.vscode\MMP\node_modules\@nestjs\core\exceptions\exceptions-handler.js:30:26)
    at ExceptionsHandler.next (C:\Users\ntukp\.vscode\MMP\node_modules\@nestjs\core\exceptions\exceptions-handler.js:14:18)
    at C:\Users\ntukp\.vscode\MMP\node_modules\@nestjs\core\router\router-proxy.js:13:35
    at processTicksAndRejections (node:internal/process/task_queues:96:5)
[2023-12-29 04:03:43] "POST /v1/submit" 401 Unauthorized
[2023-12-29 04:04:44] "POST /v1/submit" 500 Error: TypeError: submitDto.submitAnswer.array is not iterable
    at AllExceptionsFilter.catch (C:\Users\ntukp\.vscode\MMP\src\filters\all-exceptions.filter.ts:44:22)
    at ExceptionsHandler.invokeCustomFilters (C:\Users\ntukp\.vscode\MMP\node_modules\@nestjs\core\exceptions\exceptions-handler.js:30:26)
    at ExceptionsHandler.next (C:\Users\ntukp\.vscode\MMP\node_modules\@nestjs\core\exceptions\exceptions-handler.js:14:18)
    at C:\Users\ntukp\.vscode\MMP\node_modules\@nestjs\core\router\router-proxy.js:13:35
    at processTicksAndRejections (node:internal/process/task_queues:96:5)
[2023-12-29 04:05:02] "POST /v1/submit" 400 Unexpected token : in JSON at position 91
[2023-12-29 04:06:26] "POST /v1/submit" 400 Unexpected token : in JSON at position 91
[2023-12-29 05:21:53] "POST /v1/quiz" 400 undefined
[2023-12-29 05:22:09] "POST /v1/quiz" 400 undefined
[2023-12-29 05:23:44] "POST /v1/quiz" 400 undefined
[2023-12-29 05:23:58] "POST /v1/quiz" 400 undefined
[2023-12-29 05:24:07] "POST /v1/quiz" 400 undefined
[2023-12-29 05:26:18] "POST /v1/quiz" 400 undefined
[2023-12-29 05:28:00] "POST /v1/quiz" 401 Unauthorized
[2023-12-29 05:28:24] "POST /v1/quiz" 400 undefined
[2023-12-29 05:28:38] "POST /v1/submit" 400 undefined
[2023-12-29 05:29:05] "POST /v1/submit" 500 Error: ValidationError: submitAnswer: Cast to Embedded failed for value "[
  { quizId: '658c546a442021afa622b1e9', answer: 'A' },
  { quizId: '658c546a442021afa622b1e9', answer: 'A' }
]" (type Array) at path "submitAnswer" because of "ObjectExpectedError"
    at AllExceptionsFilter.catch (C:\Users\ntukp\.vscode\MMP\src\filters\all-exceptions.filter.ts:44:22)
    at ExceptionsHandler.invokeCustomFilters (C:\Users\ntukp\.vscode\MMP\node_modules\@nestjs\core\exceptions\exceptions-handler.js:30:26)
    at ExceptionsHandler.next (C:\Users\ntukp\.vscode\MMP\node_modules\@nestjs\core\exceptions\exceptions-handler.js:14:18)
    at C:\Users\ntukp\.vscode\MMP\node_modules\@nestjs\core\router\router-proxy.js:13:35
    at processTicksAndRejections (node:internal/process/task_queues:96:5)
[2023-12-29 05:33:41] "POST /v1/submit" 500 Error: ValidationError: submitAnswer: Cast to Embedded failed for value "[
  { quizId: '658c546a442021afa622b1e9', answer: 'A' },
  { quizId: '658c546a442021afa622b1e9', answer: 'A' }
]" (type Array) at path "submitAnswer" because of "ObjectExpectedError"
    at AllExceptionsFilter.catch (C:\Users\ntukp\.vscode\MMP\src\filters\all-exceptions.filter.ts:44:22)
    at ExceptionsHandler.invokeCustomFilters (C:\Users\ntukp\.vscode\MMP\node_modules\@nestjs\core\exceptions\exceptions-handler.js:30:26)
    at ExceptionsHandler.next (C:\Users\ntukp\.vscode\MMP\node_modules\@nestjs\core\exceptions\exceptions-handler.js:14:18)
    at C:\Users\ntukp\.vscode\MMP\node_modules\@nestjs\core\router\router-proxy.js:13:35
    at processTicksAndRejections (node:internal/process/task_queues:96:5)
[2023-12-29 05:33:55] "POST /v1/submit" 500 Error: ValidationError: submitAnswer: Cast to Embedded failed for value "[ { quizId: '658c546a442021afa622b1e9', answer: 'A' } ]" (type Array) at path "submitAnswer" because of "ObjectExpectedError"
    at AllExceptionsFilter.catch (C:\Users\ntukp\.vscode\MMP\src\filters\all-exceptions.filter.ts:44:22)
    at ExceptionsHandler.invokeCustomFilters (C:\Users\ntukp\.vscode\MMP\node_modules\@nestjs\core\exceptions\exceptions-handler.js:30:26)
    at ExceptionsHandler.next (C:\Users\ntukp\.vscode\MMP\node_modules\@nestjs\core\exceptions\exceptions-handler.js:14:18)
    at C:\Users\ntukp\.vscode\MMP\node_modules\@nestjs\core\router\router-proxy.js:13:35
    at processTicksAndRejections (node:internal/process/task_queues:96:5)
[2023-12-29 05:36:07] "POST /v1/submit" 500 Error: ValidationError: submitAnswer: Cast to Embedded failed for value "[ { quizId: '658c546a442021afa622b1e9', answer: 'A' } ]" (type Array) at path "submitAnswer" because of "ObjectExpectedError"
    at AllExceptionsFilter.catch (C:\Users\ntukp\.vscode\MMP\src\filters\all-exceptions.filter.ts:44:22)
    at ExceptionsHandler.invokeCustomFilters (C:\Users\ntukp\.vscode\MMP\node_modules\@nestjs\core\exceptions\exceptions-handler.js:30:26)
    at ExceptionsHandler.next (C:\Users\ntukp\.vscode\MMP\node_modules\@nestjs\core\exceptions\exceptions-handler.js:14:18)
    at C:\Users\ntukp\.vscode\MMP\node_modules\@nestjs\core\router\router-proxy.js:13:35
    at processTicksAndRejections (node:internal/process/task_queues:96:5)
[2023-12-29 05:38:06] "POST /v1/submit" 500 Error: ValidationError: submitAnswer: Cast to Embedded failed for value "[ { quizId: '658c546a442021afa622b1e9', answer: 'A' } ]" (type Array) at path "submitAnswer" because of "ObjectExpectedError"
    at AllExceptionsFilter.catch (C:\Users\ntukp\.vscode\MMP\src\filters\all-exceptions.filter.ts:44:22)
    at ExceptionsHandler.invokeCustomFilters (C:\Users\ntukp\.vscode\MMP\node_modules\@nestjs\core\exceptions\exceptions-handler.js:30:26)
    at ExceptionsHandler.next (C:\Users\ntukp\.vscode\MMP\node_modules\@nestjs\core\exceptions\exceptions-handler.js:14:18)
    at C:\Users\ntukp\.vscode\MMP\node_modules\@nestjs\core\router\router-proxy.js:13:35
    at processTicksAndRejections (node:internal/process/task_queues:96:5)
[2023-12-29 05:43:03] "POST /v1/submit" 500 Error: ValidationError: submitAnswer: Cast to Embedded failed for value "[ { quizId: '658c546a442021afa622b1e9', answer: 'A' } ]" (type Array) at path "submitAnswer" because of "ObjectExpectedError"
    at AllExceptionsFilter.catch (C:\Users\ntukp\.vscode\MMP\src\filters\all-exceptions.filter.ts:44:22)
    at ExceptionsHandler.invokeCustomFilters (C:\Users\ntukp\.vscode\MMP\node_modules\@nestjs\core\exceptions\exceptions-handler.js:30:26)
    at ExceptionsHandler.next (C:\Users\ntukp\.vscode\MMP\node_modules\@nestjs\core\exceptions\exceptions-handler.js:14:18)
    at C:\Users\ntukp\.vscode\MMP\node_modules\@nestjs\core\router\router-proxy.js:13:35
    at processTicksAndRejections (node:internal/process/task_queues:96:5)
[2023-12-29 05:48:42] "POST /v1/submit" 500 Error: ValidationError: submitAnswer: Cast to Embedded failed for value "[ { quizId: '658c546a442021afa622b1e9', answer: 'A' } ]" (type Array) at path "submitAnswer" because of "ObjectExpectedError"
    at AllExceptionsFilter.catch (C:\Users\ntukp\.vscode\MMP\src\filters\all-exceptions.filter.ts:44:22)
    at ExceptionsHandler.invokeCustomFilters (C:\Users\ntukp\.vscode\MMP\node_modules\@nestjs\core\exceptions\exceptions-handler.js:30:26)
    at ExceptionsHandler.next (C:\Users\ntukp\.vscode\MMP\node_modules\@nestjs\core\exceptions\exceptions-handler.js:14:18)
    at C:\Users\ntukp\.vscode\MMP\node_modules\@nestjs\core\router\router-proxy.js:13:35
    at processTicksAndRejections (node:internal/process/task_queues:96:5)
[2023-12-29 05:50:45] "POST /v1/submit" 500 Error: ValidationError: submitAnswer: Cast to Embedded failed for value "[ { quizId: '658c546a442021afa622b1e9', answer: 'A' } ]" (type Array) at path "submitAnswer" because of "ObjectExpectedError"
    at AllExceptionsFilter.catch (C:\Users\ntukp\.vscode\MMP\src\filters\all-exceptions.filter.ts:44:22)
    at ExceptionsHandler.invokeCustomFilters (C:\Users\ntukp\.vscode\MMP\node_modules\@nestjs\core\exceptions\exceptions-handler.js:30:26)
    at ExceptionsHandler.next (C:\Users\ntukp\.vscode\MMP\node_modules\@nestjs\core\exceptions\exceptions-handler.js:14:18)
    at C:\Users\ntukp\.vscode\MMP\node_modules\@nestjs\core\router\router-proxy.js:13:35
    at processTicksAndRejections (node:internal/process/task_queues:96:5)
[2023-12-29 05:55:44] "POST /v1/submit" 500 Error: TypeError: submitDto.submitAnswer.array is not iterable
    at AllExceptionsFilter.catch (C:\Users\ntukp\.vscode\MMP\src\filters\all-exceptions.filter.ts:44:22)
    at ExceptionsHandler.invokeCustomFilters (C:\Users\ntukp\.vscode\MMP\node_modules\@nestjs\core\exceptions\exceptions-handler.js:30:26)
    at ExceptionsHandler.next (C:\Users\ntukp\.vscode\MMP\node_modules\@nestjs\core\exceptions\exceptions-handler.js:14:18)
    at C:\Users\ntukp\.vscode\MMP\node_modules\@nestjs\core\router\router-proxy.js:13:35
    at processTicksAndRejections (node:internal/process/task_queues:96:5)
[2023-12-29 05:58:10] "POST /v1/submit" 500 Error: TypeError: submitDto.submitAnswer.array is not iterable
    at AllExceptionsFilter.catch (C:\Users\ntukp\.vscode\MMP\src\filters\all-exceptions.filter.ts:44:22)
    at ExceptionsHandler.invokeCustomFilters (C:\Users\ntukp\.vscode\MMP\node_modules\@nestjs\core\exceptions\exceptions-handler.js:30:26)
    at ExceptionsHandler.next (C:\Users\ntukp\.vscode\MMP\node_modules\@nestjs\core\exceptions\exceptions-handler.js:14:18)
    at C:\Users\ntukp\.vscode\MMP\node_modules\@nestjs\core\router\router-proxy.js:13:35
    at processTicksAndRejections (node:internal/process/task_queues:96:5)
[2023-12-29 05:58:13] "POST /v1/submit" 500 Error: TypeError: submitDto.submitAnswer.array is not iterable
    at AllExceptionsFilter.catch (C:\Users\ntukp\.vscode\MMP\src\filters\all-exceptions.filter.ts:44:22)
    at ExceptionsHandler.invokeCustomFilters (C:\Users\ntukp\.vscode\MMP\node_modules\@nestjs\core\exceptions\exceptions-handler.js:30:26)
    at ExceptionsHandler.next (C:\Users\ntukp\.vscode\MMP\node_modules\@nestjs\core\exceptions\exceptions-handler.js:14:18)
    at C:\Users\ntukp\.vscode\MMP\node_modules\@nestjs\core\router\router-proxy.js:13:35
    at processTicksAndRejections (node:internal/process/task_queues:96:5)
[2023-12-29 05:58:14] "POST /v1/submit" 500 Error: TypeError: submitDto.submitAnswer.array is not iterable
    at AllExceptionsFilter.catch (C:\Users\ntukp\.vscode\MMP\src\filters\all-exceptions.filter.ts:44:22)
    at ExceptionsHandler.invokeCustomFilters (C:\Users\ntukp\.vscode\MMP\node_modules\@nestjs\core\exceptions\exceptions-handler.js:30:26)
    at ExceptionsHandler.next (C:\Users\ntukp\.vscode\MMP\node_modules\@nestjs\core\exceptions\exceptions-handler.js:14:18)
    at C:\Users\ntukp\.vscode\MMP\node_modules\@nestjs\core\router\router-proxy.js:13:35
    at processTicksAndRejections (node:internal/process/task_queues:96:5)
[2023-12-29 05:59:46] "POST /v1/submit" 500 Error: TypeError: submitDto.submitAnswer.array is not iterable
    at AllExceptionsFilter.catch (C:\Users\ntukp\.vscode\MMP\src\filters\all-exceptions.filter.ts:44:22)
    at ExceptionsHandler.invokeCustomFilters (C:\Users\ntukp\.vscode\MMP\node_modules\@nestjs\core\exceptions\exceptions-handler.js:30:26)
    at ExceptionsHandler.next (C:\Users\ntukp\.vscode\MMP\node_modules\@nestjs\core\exceptions\exceptions-handler.js:14:18)
    at C:\Users\ntukp\.vscode\MMP\node_modules\@nestjs\core\router\router-proxy.js:13:35
    at processTicksAndRejections (node:internal/process/task_queues:96:5)
[2023-12-29 06:11:34] "GET /v1/auth/acstoken" 401 Unauthorized
[2023-12-29 06:12:39] "GET /v1/auth/acstoken" 403 Access Denied
[2023-12-29 06:15:20] "GET /v1/auth/acstoken" 403 Access Denied
[2023-12-29 06:19:51] "GET /v1/auth/acstoken" 403 Access Denied
[2023-12-29 06:32:08] "POST /v1/mail/sendOTP" 400 There no user was signed by this email
[2023-12-29 06:51:23] "POST /v1/mail/sendOTP" 500 Error: TypeError: Cannot destructure property 'templateName' of 'precompile(...)' as it is undefined.
    at AllExceptionsFilter.catch (C:\Users\ntukp\.vscode\MMP\src\filters\all-exceptions.filter.ts:44:22)
    at ExceptionsHandler.invokeCustomFilters (C:\Users\ntukp\.vscode\MMP\node_modules\@nestjs\core\exceptions\exceptions-handler.js:30:26)
    at ExceptionsHandler.next (C:\Users\ntukp\.vscode\MMP\node_modules\@nestjs\core\exceptions\exceptions-handler.js:14:18)
    at C:\Users\ntukp\.vscode\MMP\node_modules\@nestjs\core\router\router-proxy.js:13:35
    at processTicksAndRejections (node:internal/process/task_queues:96:5)
[2023-12-29 08:29:49] "GET /v1/user/all?page=1&limit=10" 401 Unauthorized
[2023-12-29 09:35:19] "POST /v1/auth/register" 400 User already exist by this email!
[2023-12-29 09:38:05] "POST /v1/course" 401 Unauthorized
[2023-12-29 09:38:37] "POST /v1/course" 400 There is no teacher like that!
[2023-12-29 09:41:28] "GET /v1/course/%20%20" 400 The input has white space, pls check!
[2023-12-29 09:41:35] "GET /v1/course/%20%20jdncjndsvcNSVCkdncnskjdn" 400 The input has white space, pls check!
[2023-12-29 09:41:43] "GET /v1/course/jdncjndsvcNSVCkdncnskjdn" 400 The input is not a valid ID in Mongo, pls check !
[2023-12-29 09:42:35] "PATCH /v1/course/658e317e58cb4ba85c5a4714" 400 Unexpected token } in JSON at position 35
[2023-12-29 09:43:04] "DELETE /v1/course/%20%20%20%20%20nasncjanscans" 400 The input has white space, pls check!
[2023-12-29 09:45:07] "POST /v1/exam" 400 Indentify failed
[2023-12-29 09:50:52] "PATCH /v1/exam/658e32d2e1413f7cc0585ac8" 400 Unexpected token } in JSON at position 36
